{"message":"3242322","level":"info"}
{"message":"0.8044413368551606","level":"info"}
{"message":"3242322","level":"info"}
{"message":"3242322","level":"info"}
{"message":"3242322","level":"info"}
{"message":"567575677","level":"info"}
{"message":"0.04459077125020805","level":"info"}
{"message":"0.04459077125020805","level":"info"}
{"message":"0.6308267737176001","level":"info"}
{"message":"0.16423565034804444","level":"info"}
{"message":"0.6308267737176001","level":"info"}
{"message":"0.6308267737176001","level":"info"}
{"message":"0.04459077125020805","level":"info"}
{"message":"0.04459077125020805","level":"info"}
{"message":"0.6308267737176001","level":"info"}
{"message":"0.6308267737176001","level":"info"}
{"message":"0.12175353738516037","level":"info"}
{"message":"0.4330089001695292","level":"info"}
{"message":"0.4330089001695292","level":"info"}
{"message":"0.4330089001695292","level":"info"}
{"message":"0.12175353738516037","level":"info"}
{"message":"0.4330089001695292","level":"info"}
{"message":"0.12175353738516037","level":"info"}
{"message":"search","level":"info"}
{"message":"search","level":"info"}
{"message":"search","level":"info"}
{"message":"search","level":"info"}
{"message":"search","level":"info"}
{"message":"search","level":"info"}
{"message":"search","level":"info"}
{"message":"search","level":"info"}
{"message":"search","level":"info"}
{"message":"search","level":"info"}
{"message":"search","level":"info"}
{"message":"search","level":"info"}
{"message":"search","level":"info"}
{"message":"search","level":"info"}
{"message":"search","level":"info"}
{"message":"search","level":"info"}
{"message":"search","level":"info"}
{"message":"search","level":"info"}
{"message":"search","level":"info"}
{"message":"search","level":"info"}
{"message":"search","level":"info"}
{"message":"search","level":"info"}
{"message":"search","level":"info"}
{"message":"search","level":"info"}
{"message":"search","level":"info"}
{"message":"search","level":"info"}
{"message":"search","level":"info"}
{"message":"search","level":"info"}
{"message":"search","level":"info"}
{"message":"search","level":"info"}
{"message":"search","level":"info"}
{"message":"0.6648263477783256","level":"info"}
{"message":"0.7855644562800252","level":"info"}
{"message":"0.4330089001695292","level":"info"}
{"message":"0.4330089001695292","level":"info"}
{"message":"0.4330089001695292","level":"info"}
{"message":"0.4330089001695292","level":"info"}
{"message":"0.4330089001695292","level":"info"}
{"message":"0.4330089001695292","level":"info"}
{"message":"0.4330089001695292","level":"info"}
{"message":"0.4330089001695292","level":"info"}
{"message":"0.4330089001695292","level":"info"}
{"message":"0.4330089001695292","level":"info"}
{"message":"0.4330089001695292","level":"info"}
{"message":"0.4330089001695292","level":"info"}
{"message":"0.4330089001695292","level":"info"}
{"message":"0.4330089001695292","level":"info"}
{"message":"0.4330089001695292","level":"info"}
{"message":"undefined","level":"info"}
{"message":"undefined","level":"info"}
{"message":"null","level":"info"}
{"message":"null","level":"info"}
{"message":"null","level":"info"}
{"message":"null","level":"info"}
{"message":"null","level":"info"}
{"message":"null","level":"info"}
{"message":"null","level":"info"}
{"message":"5c62f9d61c9d440000d306e4","level":"info"}
{"message":"5c62f9d61c9d440000d306e4","level":"info"}
{"message":"5c6570fb1c9d4400007b0c60","level":"info"}
{"message":"5c62f9d61c9d440000d306e4","level":"info"}
{"message":"undefined","level":"info"}
{"message":"5c62f9d61c9d440000d306e4","level":"info"}
{"message":"5c62f9d61c9d440000d306e4","level":"info"}
{"message":"5c62f9d61c9d440000d306e4","level":"info"}
{"message":"5c6570fb1c9d4400007b0c60","level":"info"}
{"message":"5c62f9d61c9d440000d306e4","level":"info"}
